<?xml version="1.0" encoding="UTF-8"?>
<testng-results ignored="0" total="2" passed="2" failed="0" skipped="0">
  <reporter-output>
  </reporter-output>
  <suite started-at="2023-03-05T18:11:56 EST" name="Loan Department" finished-at="2023-03-05T18:11:56 EST" duration-ms="39">
    <groups>
      <group name="Smoke">
        <method signature="day1.Demo(java.lang.String,java.lang.String)[pri:0, instance:test.day1@61230f6a]" name="Demo" class="test.day1"/>
      </group> <!-- Smoke -->
    </groups>
    <test started-at="2023-03-05T18:11:56 EST" name="Persona Loan" finished-at="2023-03-05T18:11:56 EST" duration-ms="39">
      <class name="test.day1">
        <test-method is-config="true" signature="beforeSuite()[pri:0, instance:test.day1@61230f6a]" started-at="2023-03-05T18:11:56 EST" name="beforeSuite" finished-at="2023-03-05T18:11:56 EST" duration-ms="6" status="PASS">
          <reporter-output>
          </reporter-output>
        </test-method> <!-- beforeSuite -->
        <test-method is-config="true" signature="delete()[pri:0, instance:test.day1@61230f6a]" started-at="2023-03-05T18:11:56 EST" name="delete" finished-at="2023-03-05T18:11:56 EST" duration-ms="0" status="PASS">
          <reporter-output>
          </reporter-output>
        </test-method> <!-- delete -->
        <test-method is-config="true" signature="beforeClass()[pri:0, instance:test.day1@61230f6a]" started-at="2023-03-05T18:11:56 EST" name="beforeClass" finished-at="2023-03-05T18:11:56 EST" duration-ms="0" status="PASS">
          <reporter-output>
          </reporter-output>
        </test-method> <!-- beforeClass -->
        <test-method is-config="true" signature="beforeMethod()[pri:0, instance:test.day1@61230f6a]" started-at="2023-03-05T18:11:56 EST" name="beforeMethod" finished-at="2023-03-05T18:11:56 EST" duration-ms="1" status="PASS">
          <reporter-output>
          </reporter-output>
        </test-method> <!-- beforeMethod -->
        <test-method signature="Demo(java.lang.String,java.lang.String)[pri:0, instance:test.day1@61230f6a]" started-at="2023-03-05T18:11:56 EST" name="Demo" finished-at="2023-03-05T18:11:56 EST" duration-ms="8" status="PASS">
          <params>
            <param index="0">
              <value>
                <![CDATA[Google.com]]>
              </value>
            </param>
            <param index="1">
              <value>
                <![CDATA[TestUser]]>
              </value>
            </param>
          </params>
          <reporter-output>
          </reporter-output>
        </test-method> <!-- Demo -->
        <test-method is-config="true" signature="aftermethod()[pri:0, instance:test.day1@61230f6a]" started-at="2023-03-05T18:11:56 EST" name="aftermethod" finished-at="2023-03-05T18:11:56 EST" duration-ms="1" status="PASS">
          <reporter-output>
          </reporter-output>
        </test-method> <!-- aftermethod -->
        <test-method is-config="true" signature="beforeMethod()[pri:0, instance:test.day1@61230f6a]" started-at="2023-03-05T18:11:56 EST" name="beforeMethod" finished-at="2023-03-05T18:11:56 EST" duration-ms="0" status="PASS">
          <reporter-output>
          </reporter-output>
        </test-method> <!-- beforeMethod -->
        <test-method signature="secondTest()[pri:0, instance:test.day1@61230f6a]" started-at="2023-03-05T18:11:56 EST" name="secondTest" finished-at="2023-03-05T18:11:56 EST" duration-ms="0" status="PASS">
          <reporter-output>
          </reporter-output>
        </test-method> <!-- secondTest -->
        <test-method is-config="true" signature="aftermethod()[pri:0, instance:test.day1@61230f6a]" started-at="2023-03-05T18:11:56 EST" name="aftermethod" finished-at="2023-03-05T18:11:56 EST" duration-ms="0" status="PASS">
          <reporter-output>
          </reporter-output>
        </test-method> <!-- aftermethod -->
        <test-method is-config="true" signature="afterClass()[pri:0, instance:test.day1@61230f6a]" started-at="2023-03-05T18:11:56 EST" name="afterClass" finished-at="2023-03-05T18:11:56 EST" duration-ms="0" status="PASS">
          <reporter-output>
          </reporter-output>
        </test-method> <!-- afterClass -->
        <test-method is-config="true" signature="aftertst()[pri:0, instance:test.day1@61230f6a]" started-at="2023-03-05T18:11:56 EST" name="aftertst" finished-at="2023-03-05T18:11:56 EST" duration-ms="0" status="PASS">
          <reporter-output>
          </reporter-output>
        </test-method> <!-- aftertst -->
        <test-method is-config="true" signature="afterSuite()[pri:0, instance:test.day1@61230f6a]" started-at="2023-03-05T18:11:56 EST" name="afterSuite" finished-at="2023-03-05T18:11:56 EST" duration-ms="0" status="PASS">
          <reporter-output>
          </reporter-output>
        </test-method> <!-- afterSuite -->
      </class> <!-- test.day1 -->
    </test> <!-- Persona Loan -->
  </suite> <!-- Loan Department -->
</testng-results>
