<?xml version="1.0" encoding="UTF-8"?>
<testng-results ignored="0" total="5" passed="5" failed="0" skipped="0">
  <reporter-output>
  </reporter-output>
  <suite started-at="2023-03-17T18:56:02 EDT" name="Default suite" finished-at="2023-03-17T18:56:02 EDT" duration-ms="74">
    <groups>
    </groups>
    <test started-at="2023-03-17T18:56:02 EDT" name="Default test" finished-at="2023-03-17T18:56:02 EDT" duration-ms="74">
      <class name="test.day2">
        <test-method is-config="true" signature="beforeSuite1()[pri:0, instance:test.day2@6e4784bc]" started-at="2023-03-17T18:56:02 EDT" name="beforeSuite1" finished-at="2023-03-17T18:56:02 EDT" duration-ms="10" status="PASS">
          <reporter-output>
          </reporter-output>
        </test-method> <!-- beforeSuite1 -->
        <test-method is-config="true" signature="delete1()[pri:0, instance:test.day2@6e4784bc]" started-at="2023-03-17T18:56:02 EDT" name="delete1" finished-at="2023-03-17T18:56:02 EDT" duration-ms="1" status="PASS">
          <reporter-output>
          </reporter-output>
        </test-method> <!-- delete1 -->
        <test-method is-config="true" signature="beforeClass1()[pri:0, instance:test.day2@6e4784bc]" started-at="2023-03-17T18:56:02 EDT" name="beforeClass1" finished-at="2023-03-17T18:56:02 EDT" duration-ms="1" status="PASS">
          <reporter-output>
          </reporter-output>
        </test-method> <!-- beforeClass1 -->
        <test-method is-config="true" signature="beforeMethod1()[pri:0, instance:test.day2@6e4784bc]" started-at="2023-03-17T18:56:02 EDT" name="beforeMethod1" finished-at="2023-03-17T18:56:02 EDT" duration-ms="0" status="PASS">
          <reporter-output>
          </reporter-output>
        </test-method> <!-- beforeMethod1 -->
        <test-method signature="ThirdTest1()[pri:0, instance:test.day2@6e4784bc]" started-at="2023-03-17T18:56:02 EDT" name="ThirdTest1" finished-at="2023-03-17T18:56:02 EDT" duration-ms="7" status="PASS">
          <reporter-output>
          </reporter-output>
        </test-method> <!-- ThirdTest1 -->
        <test-method is-config="true" signature="aftermethod1()[pri:0, instance:test.day2@6e4784bc]" started-at="2023-03-17T18:56:02 EDT" name="aftermethod1" finished-at="2023-03-17T18:56:02 EDT" duration-ms="0" status="PASS">
          <reporter-output>
          </reporter-output>
        </test-method> <!-- aftermethod1 -->
        <test-method is-config="true" signature="beforeMethod1()[pri:0, instance:test.day2@6e4784bc]" started-at="2023-03-17T18:56:02 EDT" name="beforeMethod1" finished-at="2023-03-17T18:56:02 EDT" duration-ms="0" status="PASS">
          <reporter-output>
          </reporter-output>
        </test-method> <!-- beforeMethod1 -->
        <test-method signature="secondTest1(java.lang.String,java.lang.String)[pri:0, instance:test.day2@6e4784bc]" started-at="2023-03-17T18:56:02 EDT" name="secondTest1" data-provider="getData" finished-at="2023-03-17T18:56:02 EDT" duration-ms="6" status="PASS">
          <params>
            <param index="0">
              <value>
                <![CDATA[firstusername]]>
              </value>
            </param>
            <param index="1">
              <value>
                <![CDATA[firstpassword]]>
              </value>
            </param>
          </params>
          <reporter-output>
          </reporter-output>
        </test-method> <!-- secondTest1 -->
        <test-method is-config="true" signature="aftermethod1()[pri:0, instance:test.day2@6e4784bc]" started-at="2023-03-17T18:56:02 EDT" name="aftermethod1" finished-at="2023-03-17T18:56:02 EDT" duration-ms="0" status="PASS">
          <reporter-output>
          </reporter-output>
        </test-method> <!-- aftermethod1 -->
        <test-method is-config="true" signature="beforeMethod1()[pri:0, instance:test.day2@6e4784bc]" started-at="2023-03-17T18:56:02 EDT" name="beforeMethod1" finished-at="2023-03-17T18:56:02 EDT" duration-ms="0" status="PASS">
          <reporter-output>
          </reporter-output>
        </test-method> <!-- beforeMethod1 -->
        <test-method signature="secondTest1(java.lang.String,java.lang.String)[pri:0, instance:test.day2@6e4784bc]" started-at="2023-03-17T18:56:02 EDT" name="secondTest1" data-provider="getData" finished-at="2023-03-17T18:56:02 EDT" duration-ms="1" status="PASS">
          <params>
            <param index="0">
              <value>
                <![CDATA[secondusername]]>
              </value>
            </param>
            <param index="1">
              <value>
                <![CDATA[secondpassword]]>
              </value>
            </param>
          </params>
          <reporter-output>
          </reporter-output>
        </test-method> <!-- secondTest1 -->
        <test-method is-config="true" signature="beforeMethod1()[pri:0, instance:test.day2@6e4784bc]" started-at="2023-03-17T18:56:02 EDT" name="beforeMethod1" finished-at="2023-03-17T18:56:02 EDT" duration-ms="1" status="PASS">
          <reporter-output>
          </reporter-output>
        </test-method> <!-- beforeMethod1 -->
        <test-method is-config="true" signature="aftermethod1()[pri:0, instance:test.day2@6e4784bc]" started-at="2023-03-17T18:56:02 EDT" name="aftermethod1" finished-at="2023-03-17T18:56:02 EDT" duration-ms="0" status="PASS">
          <reporter-output>
          </reporter-output>
        </test-method> <!-- aftermethod1 -->
        <test-method signature="secondTest1(java.lang.String,java.lang.String)[pri:0, instance:test.day2@6e4784bc]" started-at="2023-03-17T18:56:02 EDT" name="secondTest1" data-provider="getData" finished-at="2023-03-17T18:56:02 EDT" duration-ms="0" status="PASS">
          <params>
            <param index="0">
              <value>
                <![CDATA[Thirdusername]]>
              </value>
            </param>
            <param index="1">
              <value>
                <![CDATA[Thirdpassword]]>
              </value>
            </param>
          </params>
          <reporter-output>
          </reporter-output>
        </test-method> <!-- secondTest1 -->
        <test-method is-config="true" signature="aftermethod1()[pri:0, instance:test.day2@6e4784bc]" started-at="2023-03-17T18:56:02 EDT" name="aftermethod1" finished-at="2023-03-17T18:56:02 EDT" duration-ms="1" status="PASS">
          <reporter-output>
          </reporter-output>
        </test-method> <!-- aftermethod1 -->
        <test-method is-config="true" signature="beforeMethod1()[pri:0, instance:test.day2@6e4784bc]" started-at="2023-03-17T18:56:02 EDT" name="beforeMethod1" finished-at="2023-03-17T18:56:02 EDT" duration-ms="1" status="PASS">
          <reporter-output>
          </reporter-output>
        </test-method> <!-- beforeMethod1 -->
        <test-method signature="Demo1()[pri:0, instance:test.day2@6e4784bc]" started-at="2023-03-17T18:56:02 EDT" name="Demo1" finished-at="2023-03-17T18:56:02 EDT" depends-on-methods="test.day2.secondTest1" duration-ms="1" status="PASS">
          <reporter-output>
          </reporter-output>
        </test-method> <!-- Demo1 -->
        <test-method is-config="true" signature="aftermethod1()[pri:0, instance:test.day2@6e4784bc]" started-at="2023-03-17T18:56:02 EDT" name="aftermethod1" finished-at="2023-03-17T18:56:02 EDT" duration-ms="0" status="PASS">
          <reporter-output>
          </reporter-output>
        </test-method> <!-- aftermethod1 -->
        <test-method is-config="true" signature="afterClass1()[pri:0, instance:test.day2@6e4784bc]" started-at="2023-03-17T18:56:02 EDT" name="afterClass1" finished-at="2023-03-17T18:56:02 EDT" duration-ms="4" status="PASS">
          <reporter-output>
          </reporter-output>
        </test-method> <!-- afterClass1 -->
        <test-method is-config="true" signature="aftertst1()[pri:0, instance:test.day2@6e4784bc]" started-at="2023-03-17T18:56:02 EDT" name="aftertst1" finished-at="2023-03-17T18:56:02 EDT" duration-ms="0" status="PASS">
          <reporter-output>
          </reporter-output>
        </test-method> <!-- aftertst1 -->
        <test-method is-config="true" signature="afterSuite1()[pri:0, instance:test.day2@6e4784bc]" started-at="2023-03-17T18:56:02 EDT" name="afterSuite1" finished-at="2023-03-17T18:56:02 EDT" duration-ms="0" status="PASS">
          <reporter-output>
          </reporter-output>
        </test-method> <!-- afterSuite1 -->
      </class> <!-- test.day2 -->
    </test> <!-- Default test -->
  </suite> <!-- Default suite -->
</testng-results>
