<?xml version="1.0" encoding="UTF-8"?>
<testng-results ignored="0" total="3" passed="3" failed="0" skipped="0">
  <reporter-output>
  </reporter-output>
  <suite started-at="2023-03-17T18:56:58 EDT" name="Suite" finished-at="2023-03-17T18:57:20 EDT" duration-ms="21777">
    <groups>
    </groups>
    <test started-at="2023-03-17T18:56:58 EDT" name="Test-2" finished-at="2023-03-17T18:57:04 EDT" duration-ms="5846">
      <class name="rahulshettyacademy.TestDemo">
        <test-method signature="titleCheck()[pri:0, instance:rahulshettyacademy.TestDemo@6331250e]" started-at="2023-03-17T18:56:58 EDT" name="titleCheck" finished-at="2023-03-17T18:57:04 EDT" duration-ms="5705" status="PASS">
          <reporter-output>
          </reporter-output>
        </test-method> <!-- titleCheck -->
      </class> <!-- rahulshettyacademy.TestDemo -->
    </test> <!-- Test-2 -->
    <test started-at="2023-03-17T18:56:58 EDT" name="Test-0" finished-at="2023-03-17T18:57:06 EDT" duration-ms="8195">
      <class name="rahulshettyacademy.TestDemo">
        <test-method signature="titleCheck()[pri:0, instance:rahulshettyacademy.TestDemo@5a101b1c]" started-at="2023-03-17T18:56:58 EDT" name="titleCheck" finished-at="2023-03-17T18:57:06 EDT" duration-ms="7906" status="PASS">
          <reporter-output>
          </reporter-output>
        </test-method> <!-- titleCheck -->
      </class> <!-- rahulshettyacademy.TestDemo -->
    </test> <!-- Test-0 -->
    <test started-at="2023-03-17T18:56:58 EDT" name="Test-1" finished-at="2023-03-17T18:57:20 EDT" duration-ms="21777">
      <class name="rahulshettyacademy.TestDemo">
        <test-method signature="titleCheck()[pri:0, instance:rahulshettyacademy.TestDemo@378bd86d]" started-at="2023-03-17T18:56:58 EDT" name="titleCheck" finished-at="2023-03-17T18:57:20 EDT" duration-ms="21638" status="PASS">
          <reporter-output>
          </reporter-output>
        </test-method> <!-- titleCheck -->
      </class> <!-- rahulshettyacademy.TestDemo -->
    </test> <!-- Test-1 -->
  </suite> <!-- Suite -->
</testng-results>
