<?xml version="1.0" encoding="UTF-8"?>
<testng-results ignored="0" total="2" passed="2" failed="0" skipped="0">
  <reporter-output>
  </reporter-output>
  <suite started-at="2023-03-01T18:29:35 EST" name="Default suite" finished-at="2023-03-01T18:29:35 EST" duration-ms="45">
    <groups>
    </groups>
    <test started-at="2023-03-01T18:29:35 EST" name="Default test" finished-at="2023-03-01T18:29:35 EST" duration-ms="45">
      <class name="JavaStreams">
        <test-method signature="StreamCollect()[pri:0, instance:JavaStreams@7b9a4292]" started-at="2023-03-01T18:29:35 EST" name="StreamCollect" finished-at="2023-03-01T18:29:35 EST" duration-ms="10" status="PASS">
          <reporter-output>
          </reporter-output>
        </test-method> <!-- StreamCollect -->
        <test-method signature="UniqueNumber()[pri:0, instance:JavaStreams@7b9a4292]" started-at="2023-03-01T18:29:35 EST" name="UniqueNumber" finished-at="2023-03-01T18:29:35 EST" duration-ms="3" status="PASS">
          <reporter-output>
          </reporter-output>
        </test-method> <!-- UniqueNumber -->
      </class> <!-- JavaStreams -->
    </test> <!-- Default test -->
  </suite> <!-- Default suite -->
</testng-results>
