<?xml version="1.0" encoding="UTF-8"?>
<!-- Generated by org.testng.reporters.JUnitXMLReporter -->
<testsuite ignored="0" hostname="iComputer" failures="0" tests="3" name="submitOrderTest" time="41.009" errors="0" timestamp="2023-03-10T15:33:30 EST">
  <testcase classname="rahulshettyacademy.tests.StandAloneTest2" name="submitOrder" time="15.922"/>
  <testcase classname="rahulshettyacademy.tests.StandAloneTest2" name="submitOrder" time="3.707"/>
  <testcase classname="rahulshettyacademy.tests.StandAloneTest2" name="OrderHistoryTest" time="0.809"/>
</testsuite> <!-- submitOrderTest -->
