<?xml version="1.0" encoding="UTF-8"?>
<testsuite xmlns:xsi="http://www.w3.org/2001/XMLSchema-instance" xsi:noNamespaceSchemaLocation="https://maven.apache.org/surefire/maven-surefire-plugin/xsd/surefire-test-report-3.0.xsd" version="3.0" name="cucumber.TestNGTestRunner" time="27.382" tests="1" errors="0" skipped="0" failures="0">
  <properties>
[...]
</properties>
  <testcase name="runScenario[&quot;Positive test on submitting order&quot;, &quot;Purhase the order from Ecommerce Website&quot;](1)" classname="cucumber.TestNGTestRunner" time="26.54">
    <system-err><![CDATA[SLF4J: Failed to load class "org.slf4j.impl.StaticLoggerBinder".
SLF4J: Defaulting to no-operation (NOP) logger implementation
SLF4J: See http://www.slf4j.org/codes.html#StaticLoggerBinder for further details.
1678833914021	geckodriver	INFO	Listening on 127.0.0.1:17454
1678833914267	mozrunner::runner	INFO	Running command: "C:\\Program Files\\Mozilla Firefox\\firefox.exe" "--marionette" "--remote-debugging-port" "47401" "--remote-allow-hosts" "localhost" "--remote-allow-origins" "http://127.0.0.1:47401/,http://localhost:47401/,http://[::1]:47401/" "-no-remote" "-profile" "C:\\Users\\pcpower\\AppData\\Local\\Temp\\rust_mozprofilejb2RfD"
1678833914642	Marionette	INFO	Marionette enabled
Dynamically enable window occlusion 0
1678833914647	Marionette	INFO	Listening on port 55270
WebDriver BiDi listening on ws://127.0.0.1:47401
Read port: 55270
1678833914789	RemoteAgent	WARN	TLS certificate errors will be ignored for this session
console.warn: SearchSettings: "get: No settings file exists, new profile?" (new NotFoundError("Could not open the file at C:\\Users\\pcpower\\AppData\\Local\\Temp\\rust_mozprofilejb2RfD\\search.json.mozlz4", (void 0)))
DevTools listening on ws://127.0.0.1:47401/devtools/browser/a1bee479-5271-4321-b1a6-e7177ee9b686
console.warn: LoginRecipes: "Falling back to a synchronous message for: https://rahulshettyacademy.com."
console.warn: LoginRecipes: "Falling back to a synchronous message for: https://rahulshettyacademy.com."
1678833936294	Marionette	WARN	TimedPromise timed out after 500 ms: stacktrace:
TimedPromise/<@chrome://remote/content/marionette/sync.sys.mjs:219:24
TimedPromise@chrome://remote/content/marionette/sync.sys.mjs:204:10
interaction.flushEventLoop@chrome://remote/content/marionette/interaction.sys.mjs:425:10
webdriverClickElement@chrome://remote/content/marionette/interaction.sys.mjs:173:31
1678833938369	Marionette	WARN	TimedPromise timed out after 500 ms: stacktrace:
TimedPromise/<@chrome://remote/content/marionette/sync.sys.mjs:219:24
TimedPromise@chrome://remote/content/marionette/sync.sys.mjs:204:10
interaction.flushEventLoop@chrome://remote/content/marionette/interaction.sys.mjs:425:10
webdriverClickElement@chrome://remote/content/marionette/interaction.sys.mjs:173:31
1678833939099	RemoteAgent	INFO	Perform WebSocket upgrade for incoming connection from 127.0.0.1:55323
1678833939101	CDP	ERROR	Invalid browser preferences for CDP. Set "fission.webContentIsolationStrategy"to 0 and "fission.bfcacheInParent" to false before Firefox starts.
1678833939123	Marionette	INFO	Stopped listening on port 55270
Dynamically enable window occlusion 1
]]></system-err>
  </testcase>
</testsuite>