<?xml version="1.0" encoding="UTF-8"?>
<!-- Generated by org.testng.reporters.JUnitXMLReporter -->
<testsuite ignored="0" hostname="iComputer" failures="0" tests="3" name="Default test" time="0.535" errors="0" timestamp="2023-03-16T16:31:20 EDT">
  <testcase classname="DataDriven.excelDataProvider.dataProvide" name="testCaseData" time="0.008"/>
  <testcase classname="DataDriven.excelDataProvider.dataProvide" name="testCaseData" time="0.001"/>
  <testcase classname="DataDriven.excelDataProvider.dataProvide" name="testCaseData" time="0.0"/>
</testsuite> <!-- Default test -->
