<?xml version="1.0" encoding="UTF-8"?>
<testng-results ignored="0" total="3" passed="3" failed="0" skipped="0">
  <reporter-output>
  </reporter-output>
  <suite started-at="2023-03-16T16:31:19 EDT" name="Default suite" finished-at="2023-03-16T16:31:20 EDT" duration-ms="535">
    <groups>
    </groups>
    <test started-at="2023-03-16T16:31:19 EDT" name="Default test" finished-at="2023-03-16T16:31:20 EDT" duration-ms="535">
      <class name="DataDriven.excelDataProvider.dataProvide">
        <test-method signature="testCaseData(java.lang.String,java.lang.String,java.lang.String)[pri:0, instance:DataDriven.excelDataProvider.dataProvide@18078bef]" started-at="2023-03-16T16:31:20 EDT" name="testCaseData" data-provider="driveTest" finished-at="2023-03-16T16:31:20 EDT" duration-ms="8" status="PASS">
          <params>
            <param index="0">
              <value>
                <![CDATA[hello]]>
              </value>
            </param>
            <param index="1">
              <value>
                <![CDATA[text]]>
              </value>
            </param>
            <param index="2">
              <value>
                <![CDATA[1]]>
              </value>
            </param>
          </params>
          <reporter-output>
          </reporter-output>
        </test-method> <!-- testCaseData -->
        <test-method signature="testCaseData(java.lang.String,java.lang.String,java.lang.String)[pri:0, instance:DataDriven.excelDataProvider.dataProvide@18078bef]" started-at="2023-03-16T16:31:20 EDT" name="testCaseData" data-provider="driveTest" finished-at="2023-03-16T16:31:20 EDT" duration-ms="1" status="PASS">
          <params>
            <param index="0">
              <value>
                <![CDATA[bye]]>
              </value>
            </param>
            <param index="1">
              <value>
                <![CDATA[message]]>
              </value>
            </param>
            <param index="2">
              <value>
                <![CDATA[2]]>
              </value>
            </param>
          </params>
          <reporter-output>
          </reporter-output>
        </test-method> <!-- testCaseData -->
        <test-method signature="testCaseData(java.lang.String,java.lang.String,java.lang.String)[pri:0, instance:DataDriven.excelDataProvider.dataProvide@18078bef]" started-at="2023-03-16T16:31:20 EDT" name="testCaseData" data-provider="driveTest" finished-at="2023-03-16T16:31:20 EDT" duration-ms="0" status="PASS">
          <params>
            <param index="0">
              <value>
                <![CDATA[solo]]>
              </value>
            </param>
            <param index="1">
              <value>
                <![CDATA[call]]>
              </value>
            </param>
            <param index="2">
              <value>
                <![CDATA[3]]>
              </value>
            </param>
          </params>
          <reporter-output>
          </reporter-output>
        </test-method> <!-- testCaseData -->
      </class> <!-- DataDriven.excelDataProvider.dataProvide -->
    </test> <!-- Default test -->
  </suite> <!-- Default suite -->
</testng-results>
