<?xml version="1.0" encoding="UTF-8"?>
<!-- Generated by org.testng.reporters.JUnitXMLReporter -->
<testsuite ignored="0" hostname="iComputer" failures="0" tests="5" name="Default test" time="0.053" errors="0" timestamp="2023-03-05T17:39:52 EST">
  <testcase classname="test.day2" name="ThirdTest1" time="0.006"/>
  <testcase classname="test.day2" name="secondTest1" time="0.002"/>
  <testcase classname="test.day2" name="secondTest1" time="0.001"/>
  <testcase classname="test.day2" name="secondTest1" time="0.0"/>
  <testcase classname="test.day2" name="Demo1" time="0.001"/>
</testsuite> <!-- Default test -->
