<?xml version="1.0" encoding="UTF-8"?>
<!-- Generated by org.testng.reporters.JUnitXMLReporter -->
<testsuite ignored="1" hostname="iComputer" failures="0" tests="1" name="ErrorValidationTest" time="9.392" errors="0" timestamp="2023-03-10T19:02:48 EST">
  <testcase classname="rahulshettyacademy.tests.ErrorVlidations" name="LoginErrorValidation" time="0.634"/>
  <testcase classname="rahulshettyacademy.tests.ErrorVlidations" name="ProductErrorValidation" time="0.0">
    <ignored/>
  </testcase> <!-- ProductErrorValidation -->
</testsuite> <!-- ErrorValidationTest -->
