<?xml version="1.0" encoding="UTF-8"?>
<!-- Generated by org.testng.reporters.JUnitXMLReporter -->
<testsuite ignored="2" hostname="iComputer" failures="0" tests="0" time="0.016" errors="0" timestamp="2023-03-10T19:02:38 EST">
  <testcase classname="rahulshettyacademy.tests.StandAloneTest2" name="submitOrder" time="0.0">
    <ignored/>
  </testcase> <!-- submitOrder -->
  <testcase classname="rahulshettyacademy.tests.StandAloneTest2" name="OrderHistoryTest" time="0.0">
    <ignored/>
  </testcase> <!-- OrderHistoryTest -->
</testsuite>
